# JRE version: Java(TM) SE Runtime Environment (8.0_361) (build 1.8.0_361-b09)
# Java VM: Java HotSpot(TM) 64-Bit Server VM (25.361-b09 mixed mode windows-amd64 compressed oops)
Heap:
 PSYoungGen      total 270336K, used 50615K [0x00000000eab00000, 0x0000000100000000, 0x0000000100000000)
  eden space 193024K, 15% used [0x00000000eab00000,0x00000000ec7f8aa8,0x00000000f6780000)
  from space 77312K, 27% used [0x00000000f6780000,0x00000000f7bf51c0,0x00000000fb300000)
  to   space 73216K, 0% used [0x00000000fb880000,0x00000000fb880000,0x0000000100000000)
 ParOldGen       total 699392K, used 82249K [0x00000000c0000000, 0x00000000eab00000, 0x00000000eab00000)
  object space 699392K, 11% used [0x00000000c0000000,0x00000000c50525a8,0x00000000eab00000)
 Metaspace       used 36049K, capacity 36233K, committed 36608K, reserved 1081344K
  class space    used 4437K, capacity 4507K, committed 4608K, reserved 1048576K
GC Heap History (10 events):
Event: 22.445 GC heap before
{Heap before GC invocations=11 (full 1):
 PSYoungGen      total 197632K, used 79446K [0x00000000eab00000, 0x0000000100000000, 0x0000000100000000)
  eden space 195584K, 39% used [0x00000000eab00000,0x00000000ef6a5bf8,0x00000000f6a00000)
  from space 2048K, 96% used [0x00000000f6a00000,0x00000000f6bf0000,0x00000000f6c00000)
  to   space 78848K, 0% used [0x00000000fb300000,0x00000000fb300000,0x0000000100000000)
 ParOldGen       total 699392K, used 102297K [0x00000000c0000000, 0x00000000eab00000, 0x00000000eab00000)
  object space 699392K, 14% used [0x00000000c0000000,0x00000000c63e6570,0x00000000eab00000)
 Metaspace       used 35066K, capacity 35237K, committed 35456K, reserved 1081344K
  class space    used 4388K, capacity 4473K, committed 4480K, reserved 1048576K
Event: 22.448 GC heap after
Heap after GC invocations=11 (full 1):
 PSYoungGen      total 270336K, used 8288K [0x00000000eab00000, 0x0000000100000000, 0x0000000100000000)
  eden space 191488K, 0% used [0x00000000eab00000,0x00000000eab00000,0x00000000f6600000)
  from space 78848K, 10% used [0x00000000fb300000,0x00000000fbb18000,0x0000000100000000)
  to   space 78848K, 0% used [0x00000000f6600000,0x00000000f6600000,0x00000000fb300000)
 ParOldGen       total 699392K, used 102673K [0x00000000c0000000, 0x00000000eab00000, 0x00000000eab00000)
  object space 699392K, 14% used [0x00000000c0000000,0x00000000c6444570,0x00000000eab00000)
 Metaspace       used 35066K, capacity 35237K, committed 35456K, reserved 1081344K
  class space    used 4388K, capacity 4473K, committed 4480K, reserved 1048576K
}
Event: 22.448 GC heap before
{Heap before GC invocations=12 (full 2):
 PSYoungGen      total 270336K, used 8288K [0x00000000eab00000, 0x0000000100000000, 0x0000000100000000)
  eden space 191488K, 0% used [0x00000000eab00000,0x00000000eab00000,0x00000000f6600000)
  from space 78848K, 10% used [0x00000000fb300000,0x00000000fbb18000,0x0000000100000000)
  to   space 78848K, 0% used [0x00000000f6600000,0x00000000f6600000,0x00000000fb300000)
 ParOldGen       total 699392K, used 102673K [0x00000000c0000000, 0x00000000eab00000, 0x00000000eab00000)
  object space 699392K, 14% used [0x00000000c0000000,0x00000000c6444570,0x00000000eab00000)
 Metaspace       used 35066K, capacity 35237K, committed 35456K, reserved 1081344K
  class space    used 4388K, capacity 4473K, committed 4480K, reserved 1048576K
Event: 22.538 GC heap after
Heap after GC invocations=12 (full 2):
 PSYoungGen      total 270336K, used 0K [0x00000000eab00000, 0x0000000100000000, 0x0000000100000000)
  eden space 191488K, 0% used [0x00000000eab00000,0x00000000eab00000,0x00000000f6600000)
  from space 78848K, 0% used [0x00000000fb300000,0x00000000fb300000,0x0000000100000000)
  to   space 78848K, 0% used [0x00000000f6600000,0x00000000f6600000,0x00000000fb300000)
 ParOldGen       total 699392K, used 82225K [0x00000000c0000000, 0x00000000eab00000, 0x00000000eab00000)
  object space 699392K, 11% used [0x00000000c0000000,0x00000000c504c5a8,0x00000000eab00000)
 Metaspace       used 35066K, capacity 35237K, committed 35456K, reserved 1081344K
  class space    used 4388K, capacity 4473K, committed 4480K, reserved 1048576K
}
Event: 23.778 GC heap before
{Heap before GC invocations=13 (full 2):
 PSYoungGen      total 270336K, used 191488K [0x00000000eab00000, 0x0000000100000000, 0x0000000100000000)
  eden space 191488K, 100% used [0x00000000eab00000,0x00000000f6600000,0x00000000f6600000)
  from space 78848K, 0% used [0x00000000fb300000,0x00000000fb300000,0x0000000100000000)
  to   space 78848K, 0% used [0x00000000f6600000,0x00000000f6600000,0x00000000fb300000)
 ParOldGen       total 699392K, used 82225K [0x00000000c0000000, 0x00000000eab00000, 0x00000000eab00000)
  object space 699392K, 11% used [0x00000000c0000000,0x00000000c504c5a8,0x00000000eab00000)
 Metaspace       used 35390K, capacity 35653K, committed 36096K, reserved 1081344K
  class space    used 4400K, capacity 4505K, committed 4608K, reserved 1048576K
Event: 23.780 GC heap after
Heap after GC invocations=13 (full 2):
 PSYoungGen      total 270336K, used 3600K [0x00000000eab00000, 0x0000000100000000, 0x0000000100000000)
  eden space 191488K, 0% used [0x00000000eab00000,0x00000000eab00000,0x00000000f6600000)
  from space 78848K, 4% used [0x00000000f6600000,0x00000000f6984010,0x00000000fb300000)
  to   space 78848K, 0% used [0x00000000fb300000,0x00000000fb300000,0x0000000100000000)
 ParOldGen       total 699392K, used 82233K [0x00000000c0000000, 0x00000000eab00000, 0x00000000eab00000)
  object space 699392K, 11% used [0x00000000c0000000,0x00000000c504e5a8,0x00000000eab00000)
 Metaspace       used 35390K, capacity 35653K, committed 36096K, reserved 1081344K
  class space    used 4400K, capacity 4505K, committed 4608K, reserved 1048576K
}
Event: 24.342 GC heap before
{Heap before GC invocations=14 (full 2):
 PSYoungGen      total 270336K, used 195088K [0x00000000eab00000, 0x0000000100000000, 0x0000000100000000)
  eden space 191488K, 100% used [0x00000000eab00000,0x00000000f6600000,0x00000000f6600000)
  from space 78848K, 4% used [0x00000000f6600000,0x00000000f6984010,0x00000000fb300000)
  to   space 78848K, 0% used [0x00000000fb300000,0x00000000fb300000,0x0000000100000000)
 ParOldGen       total 699392K, used 82233K [0x00000000c0000000, 0x00000000eab00000, 0x00000000eab00000)
  object space 699392K, 11% used [0x00000000c0000000,0x00000000c504e5a8,0x00000000eab00000)
 Metaspace       used 35546K, capacity 35781K, committed 36096K, reserved 1081344K
  class space    used 4407K, capacity 4505K, committed 4608K, reserved 1048576K
Event: 24.346 GC heap after
Heap after GC invocations=14 (full 2):
 PSYoungGen      total 271872K, used 8224K [0x00000000eab00000, 0x0000000100000000, 0x0000000100000000)
  eden space 193024K, 0% used [0x00000000eab00000,0x00000000eab00000,0x00000000f6780000)
  from space 78848K, 10% used [0x00000000fb300000,0x00000000fbb08000,0x0000000100000000)
  to   space 77312K, 0% used [0x00000000f6780000,0x00000000f6780000,0x00000000fb300000)
 ParOldGen       total 699392K, used 82241K [0x00000000c0000000, 0x00000000eab00000, 0x00000000eab00000)
  object space 699392K, 11% used [0x00000000c0000000,0x00000000c50505a8,0x00000000eab00000)
 Metaspace       used 35546K, capacity 35781K, committed 36096K, reserved 1081344K
  class space    used 4407K, capacity 4505K, committed 4608K, reserved 1048576K
}
Event: 25.093 GC heap before
{Heap before GC invocations=15 (full 2):
 PSYoungGen      total 271872K, used 201248K [0x00000000eab00000, 0x0000000100000000, 0x0000000100000000)
  eden space 193024K, 100% used [0x00000000eab00000,0x00000000f6780000,0x00000000f6780000)
  from space 78848K, 10% used [0x00000000fb300000,0x00000000fbb08000,0x0000000100000000)
  to   space 77312K, 0% used [0x00000000f6780000,0x00000000f6780000,0x00000000fb300000)
 ParOldGen       total 699392K, used 82241K [0x00000000c0000000, 0x00000000eab00000, 0x00000000eab00000)
  object space 699392K, 11% used [0x00000000c0000000,0x00000000c50505a8,0x00000000eab00000)
 Metaspace       used 36049K, capacity 36233K, committed 36608K, reserved 1081344K
  class space    used 4437K, capacity 4507K, committed 4608K, reserved 1048576K
Event: 25.101 GC heap after
Heap after GC invocations=15 (full 2):
 PSYoungGen      total 270336K, used 20948K [0x00000000eab00000, 0x0000000100000000, 0x0000000100000000)
  eden space 193024K, 0% used [0x00000000eab00000,0x00000000eab00000,0x00000000f6780000)
  from space 77312K, 27% used [0x00000000f6780000,0x00000000f7bf51c0,0x00000000fb300000)
  to   space 73216K, 0% used [0x00000000fb880000,0x00000000fb880000,0x0000000100000000)
 ParOldGen       total 699392K, used 82249K [0x00000000c0000000, 0x00000000eab00000, 0x00000000eab00000)
  object space 699392K, 11% used [0x00000000c0000000,0x00000000c50525a8,0x00000000eab00000)
 Metaspace       used 36049K, capacity 36233K, committed 36608K, reserved 1081344K
  class space    used 4437K, capacity 4507K, committed 4608K, reserved 1048576K
}

