# JRE version: Java(TM) SE Runtime Environment (8.0_361) (build 1.8.0_361-b09)
# Java VM: Java HotSpot(TM) 64-Bit Server VM (25.361-b09 mixed mode windows-amd64 compressed oops)
Heap:
 PSYoungGen      total 305664K, used 236399K [0x00000000eab00000, 0x0000000100000000, 0x0000000100000000)
  eden space 262144K, 79% used [0x00000000eab00000,0x00000000f7670390,0x00000000fab00000)
  from space 43520K, 64% used [0x00000000fd580000,0x00000000ff0eb8a8,0x0000000100000000)
  to   space 43520K, 0% used [0x00000000fab00000,0x00000000fab00000,0x00000000fd580000)
 ParOldGen       total 699392K, used 9407K [0x00000000c0000000, 0x00000000eab00000, 0x00000000eab00000)
  object space 699392K, 1% used [0x00000000c0000000,0x00000000c092fd60,0x00000000eab00000)
 Metaspace       used 33195K, capacity 33411K, committed 33792K, reserved 1079296K
  class space    used 4215K, capacity 4294K, committed 4352K, reserved 1048576K
GC Heap History (6 events):
Event: 3.047 GC heap before
{Heap before GC invocations=1 (full 0):
 PSYoungGen      total 305664K, used 185279K [0x00000000eab00000, 0x0000000100000000, 0x0000000100000000)
  eden space 262144K, 70% used [0x00000000eab00000,0x00000000f5feff60,0x00000000fab00000)
  from space 43520K, 0% used [0x00000000fd580000,0x00000000fd580000,0x0000000100000000)
  to   space 43520K, 0% used [0x00000000fab00000,0x00000000fab00000,0x00000000fd580000)
 ParOldGen       total 699392K, used 0K [0x00000000c0000000, 0x00000000eab00000, 0x00000000eab00000)
  object space 699392K, 0% used [0x00000000c0000000,0x00000000c0000000,0x00000000eab00000)
 Metaspace       used 21133K, capacity 21220K, committed 21296K, reserved 1067008K
  class space    used 2914K, capacity 2932K, committed 2944K, reserved 1048576K
Event: 3.054 GC heap after
Heap after GC invocations=1 (full 0):
 PSYoungGen      total 305664K, used 9719K [0x00000000eab00000, 0x0000000100000000, 0x0000000100000000)
  eden space 262144K, 0% used [0x00000000eab00000,0x00000000eab00000,0x00000000fab00000)
  from space 43520K, 22% used [0x00000000fab00000,0x00000000fb47de88,0x00000000fd580000)
  to   space 43520K, 0% used [0x00000000fd580000,0x00000000fd580000,0x0000000100000000)
 ParOldGen       total 699392K, used 80K [0x00000000c0000000, 0x00000000eab00000, 0x00000000eab00000)
  object space 699392K, 0% used [0x00000000c0000000,0x00000000c0014010,0x00000000eab00000)
 Metaspace       used 21133K, capacity 21220K, committed 21296K, reserved 1067008K
  class space    used 2914K, capacity 2932K, committed 2944K, reserved 1048576K
}
Event: 3.055 GC heap before
{Heap before GC invocations=2 (full 1):
 PSYoungGen      total 305664K, used 9719K [0x00000000eab00000, 0x0000000100000000, 0x0000000100000000)
  eden space 262144K, 0% used [0x00000000eab00000,0x00000000eab00000,0x00000000fab00000)
  from space 43520K, 22% used [0x00000000fab00000,0x00000000fb47de88,0x00000000fd580000)
  to   space 43520K, 0% used [0x00000000fd580000,0x00000000fd580000,0x0000000100000000)
 ParOldGen       total 699392K, used 80K [0x00000000c0000000, 0x00000000eab00000, 0x00000000eab00000)
  object space 699392K, 0% used [0x00000000c0000000,0x00000000c0014010,0x00000000eab00000)
 Metaspace       used 21133K, capacity 21220K, committed 21296K, reserved 1067008K
  class space    used 2914K, capacity 2932K, committed 2944K, reserved 1048576K
Event: 3.076 GC heap after
Heap after GC invocations=2 (full 1):
 PSYoungGen      total 305664K, used 0K [0x00000000eab00000, 0x0000000100000000, 0x0000000100000000)
  eden space 262144K, 0% used [0x00000000eab00000,0x00000000eab00000,0x00000000fab00000)
  from space 43520K, 0% used [0x00000000fab00000,0x00000000fab00000,0x00000000fd580000)
  to   space 43520K, 0% used [0x00000000fd580000,0x00000000fd580000,0x0000000100000000)
 ParOldGen       total 699392K, used 9399K [0x00000000c0000000, 0x00000000eab00000, 0x00000000eab00000)
  object space 699392K, 1% used [0x00000000c0000000,0x00000000c092dd60,0x00000000eab00000)
 Metaspace       used 21133K, capacity 21220K, committed 21296K, reserved 1067008K
  class space    used 2914K, capacity 2932K, committed 2944K, reserved 1048576K
}
Event: 4.832 GC heap before
{Heap before GC invocations=3 (full 1):
 PSYoungGen      total 305664K, used 262144K [0x00000000eab00000, 0x0000000100000000, 0x0000000100000000)
  eden space 262144K, 100% used [0x00000000eab00000,0x00000000fab00000,0x00000000fab00000)
  from space 43520K, 0% used [0x00000000fab00000,0x00000000fab00000,0x00000000fd580000)
  to   space 43520K, 0% used [0x00000000fd580000,0x00000000fd580000,0x0000000100000000)
 ParOldGen       total 699392K, used 9399K [0x00000000c0000000, 0x00000000eab00000, 0x00000000eab00000)
  object space 699392K, 1% used [0x00000000c0000000,0x00000000c092dd60,0x00000000eab00000)
 Metaspace       used 28018K, capacity 28202K, committed 28544K, reserved 1073152K
  class space    used 3805K, capacity 3871K, committed 3968K, reserved 1048576K
Event: 4.850 GC heap after
Heap after GC invocations=3 (full 1):
 PSYoungGen      total 305664K, used 28078K [0x00000000eab00000, 0x0000000100000000, 0x0000000100000000)
  eden space 262144K, 0% used [0x00000000eab00000,0x00000000eab00000,0x00000000fab00000)
  from space 43520K, 64% used [0x00000000fd580000,0x00000000ff0eb8a8,0x0000000100000000)
  to   space 43520K, 0% used [0x00000000fab00000,0x00000000fab00000,0x00000000fd580000)
 ParOldGen       total 699392K, used 9407K [0x00000000c0000000, 0x00000000eab00000, 0x00000000eab00000)
  object space 699392K, 1% used [0x00000000c0000000,0x00000000c092fd60,0x00000000eab00000)
 Metaspace       used 28018K, capacity 28202K, committed 28544K, reserved 1073152K
  class space    used 3805K, capacity 3871K, committed 3968K, reserved 1048576K
}

